<?xml version="1.0" encoding="UTF-8"?>
<!-- Generated by org.testng.reporters.JUnitXMLReporter -->
<testsuite hostname="WDHL129160bfb.corp.intuit.net" name="Default test" tests="3" failures="0" timestamp="9 Oct 2015 00:53:37 GMT" time="0.333" errors="0">
  <testcase name="BfsListFilesTest" time="0.143" classname="com.tle.di.util.CommonUtilTest"/>
  <testcase name="DfsListFilesTest" time="0.018" classname="com.tle.di.util.CommonUtilTest"/>
  <testcase name="RecursiveListFilesTest" time="0.015" classname="com.tle.di.util.CommonUtilTest"/>
</testsuite> <!-- Default test -->
