<?xml version="1.0" encoding="UTF-8"?>
<testng-results skipped="0" failed="0" total="3" passed="3">
  <reporter-output>
  </reporter-output>
  <suite name="Default suite" duration-ms="333" started-at="2015-10-09T00:53:37Z" finished-at="2015-10-09T00:53:37Z">
    <groups>
    </groups>
    <test name="Default test" duration-ms="333" started-at="2015-10-09T00:53:37Z" finished-at="2015-10-09T00:53:37Z">
      <class name="com.tle.di.util.CommonUtilTest">
        <test-method status="PASS" signature="beforePowerMockTestClass()[pri:0, instance:com.tle.di.util.CommonUtilTest@6690fc4b]" name="beforePowerMockTestClass" is-config="true" duration-ms="62" started-at="2015-10-08T17:53:37Z" finished-at="2015-10-08T17:53:37Z">
          <reporter-output>
          </reporter-output>
        </test-method> <!-- beforePowerMockTestClass -->
        <test-method status="PASS" signature="beforePowerMockTestMethod()[pri:0, instance:com.tle.di.util.CommonUtilTest@6690fc4b]" name="beforePowerMockTestMethod" is-config="true" duration-ms="79" started-at="2015-10-08T17:53:37Z" finished-at="2015-10-08T17:53:37Z">
          <reporter-output>
          </reporter-output>
        </test-method> <!-- beforePowerMockTestMethod -->
        <test-method status="PASS" signature="BfsListFilesTest()[pri:0, instance:com.tle.di.util.CommonUtilTest@6690fc4b]" name="BfsListFilesTest" duration-ms="143" started-at="2015-10-08T17:53:37Z" finished-at="2015-10-08T17:53:37Z">
          <reporter-output>
          </reporter-output>
        </test-method> <!-- BfsListFilesTest -->
        <test-method status="PASS" signature="afterPowerMockTestMethod()[pri:0, instance:com.tle.di.util.CommonUtilTest@6690fc4b]" name="afterPowerMockTestMethod" is-config="true" duration-ms="2" started-at="2015-10-08T17:53:37Z" finished-at="2015-10-08T17:53:37Z">
          <reporter-output>
          </reporter-output>
        </test-method> <!-- afterPowerMockTestMethod -->
        <test-method status="PASS" signature="DfsListFilesTest()[pri:0, instance:com.tle.di.util.CommonUtilTest@6690fc4b]" name="DfsListFilesTest" duration-ms="18" started-at="2015-10-08T17:53:37Z" finished-at="2015-10-08T17:53:37Z">
          <reporter-output>
          </reporter-output>
        </test-method> <!-- DfsListFilesTest -->
        <test-method status="PASS" signature="beforePowerMockTestMethod()[pri:0, instance:com.tle.di.util.CommonUtilTest@6690fc4b]" name="beforePowerMockTestMethod" is-config="true" duration-ms="0" started-at="2015-10-08T17:53:37Z" finished-at="2015-10-08T17:53:37Z">
          <reporter-output>
          </reporter-output>
        </test-method> <!-- beforePowerMockTestMethod -->
        <test-method status="PASS" signature="afterPowerMockTestMethod()[pri:0, instance:com.tle.di.util.CommonUtilTest@6690fc4b]" name="afterPowerMockTestMethod" is-config="true" duration-ms="1" started-at="2015-10-08T17:53:37Z" finished-at="2015-10-08T17:53:37Z">
          <reporter-output>
          </reporter-output>
        </test-method> <!-- afterPowerMockTestMethod -->
        <test-method status="PASS" signature="beforePowerMockTestMethod()[pri:0, instance:com.tle.di.util.CommonUtilTest@6690fc4b]" name="beforePowerMockTestMethod" is-config="true" duration-ms="1" started-at="2015-10-08T17:53:37Z" finished-at="2015-10-08T17:53:37Z">
          <reporter-output>
          </reporter-output>
        </test-method> <!-- beforePowerMockTestMethod -->
        <test-method status="PASS" signature="RecursiveListFilesTest()[pri:0, instance:com.tle.di.util.CommonUtilTest@6690fc4b]" name="RecursiveListFilesTest" duration-ms="15" started-at="2015-10-08T17:53:37Z" finished-at="2015-10-08T17:53:37Z">
          <reporter-output>
          </reporter-output>
        </test-method> <!-- RecursiveListFilesTest -->
        <test-method status="PASS" signature="afterPowerMockTestMethod()[pri:0, instance:com.tle.di.util.CommonUtilTest@6690fc4b]" name="afterPowerMockTestMethod" is-config="true" duration-ms="1" started-at="2015-10-08T17:53:37Z" finished-at="2015-10-08T17:53:37Z">
          <reporter-output>
          </reporter-output>
        </test-method> <!-- afterPowerMockTestMethod -->
        <test-method status="PASS" signature="afterPowerMockTestClass()[pri:0, instance:com.tle.di.util.CommonUtilTest@6690fc4b]" name="afterPowerMockTestClass" is-config="true" duration-ms="0" started-at="2015-10-08T17:53:37Z" finished-at="2015-10-08T17:53:37Z">
          <reporter-output>
          </reporter-output>
        </test-method> <!-- afterPowerMockTestClass -->
      </class> <!-- com.tle.di.util.CommonUtilTest -->
    </test> <!-- Default test -->
  </suite> <!-- Default suite -->
</testng-results>
